#
# There is insufficient memory for the Java Runtime Environment to continue.
# Native memory allocation (malloc) failed to allocate 1048576 bytes. Error detail: AllocateHeap
# Possible reasons:
#   The system is out of physical RAM or swap space
#   This process is running with CompressedOops enabled, and the Java Heap may be blocking the growth of the native heap
# Possible solutions:
#   Reduce memory load on the system
#   Increase physical memory or swap space
#   Check if swap backing store is full
#   Decrease Java heap size (-Xmx/-Xms)
#   Decrease number of Java threads
#   Decrease Java thread stack sizes (-Xss)
#   Set larger code cache with -XX:ReservedCodeCacheSize=
#   JVM is running with Unscaled Compressed Oops mode in which the Java heap is
#     placed in the first 4GB address space. The Java Heap base address is the
#     maximum limit for the native heap growth. Please use -XX:HeapBaseMinAddress
#     to set the Java Heap base and to place the Java Heap above 4GB virtual address.
# This output file may be truncated or incomplete.
#
#  Out of Memory Error (allocation.cpp:44), pid=20444, tid=22492
#
# JRE version: OpenJDK Runtime Environment Temurin-21.0.10+7 (21.0.10+7) (build 21.0.10+7-LTS)
# Java VM: OpenJDK 64-Bit Server VM Temurin-21.0.10+7 (21.0.10+7-LTS, mixed mode, sharing, tiered, compressed oops, compressed class ptrs, parallel gc, windows-amd64)
# No core dump will be written. Minidumps are not enabled by default on client versions of Windows
#

---------------  S U M M A R Y ------------

Command Line: --add-modules=ALL-SYSTEM --add-opens=java.base/java.util=ALL-UNNAMED --add-opens=java.base/java.lang=ALL-UNNAMED --add-opens=java.base/sun.nio.fs=ALL-UNNAMED -Declipse.application=org.eclipse.jdt.ls.core.id1 -Dosgi.bundles.defaultStartLevel=4 -Declipse.product=org.eclipse.jdt.ls.core.product -Djava.import.generatesMetadataFilesAtProjectRoot=false -DDetectVMInstallationsJob.disabled=true -Dfile.encoding=utf8 -XX:+UseParallelGC -XX:GCTimeRatio=4 -XX:AdaptiveSizePolicyWeight=90 -Dsun.zip.disableMemoryMapping=true -Xmx2G -Xms100m -Xlog:disable -javaagent:c:\Users\marim\.vscode\extensions\redhat.java-1.54.0-win32-x64\lombok\lombok-1.18.39-4050.jar -XX:+HeapDumpOnOutOfMemoryError -XX:HeapDumpPath=c:\Users\marim\AppData\Roaming\Code\User\workspaceStorage\d75e06b9632c01dd63dcfbb32f4a38e0\redhat.java -Daether.dependencyCollector.impl=bf c:\Users\marim\.vscode\extensions\redhat.java-1.54.0-win32-x64\server\plugins\org.eclipse.equinox.launcher_1.7.100.v20251111-0406.jar -configuration c:\Users\marim\AppData\Roaming\Code\User\globalStorage\redhat.java\1.54.0\config_win -data c:\Users\marim\AppData\Roaming\Code\User\workspaceStorage\d75e06b9632c01dd63dcfbb32f4a38e0\redhat.java\jdt_ws --pipe=\\.\pipe\lsp-f4769a5d3ee3ebcd5125865f0a42c88e-sock

Host: 11th Gen Intel(R) Core(TM) i5-1135G7 @ 2.40GHz, 8 cores, 7G,  Windows 11 , 64 bit Build 26100 (10.0.26100.8521)
Time: Sat Jun 20 21:45:05 2026 Hora Padr緌 de Buenos Aires elapsed time: 1857.733570 seconds (0d 0h 30m 57s)

---------------  T H R E A D  ---------------

Current thread (0x0000024b981dcd60):  JavaThread "Attach Listener" daemon [_thread_in_vm, id=22492, stack(0x000000d954400000,0x000000d954500000) (1024K)]

Stack: [0x000000d954400000,0x000000d954500000]
Native frames: (J=compiled Java code, j=interpreted, Vv=VM code, C=native code)
V  [jvm.dll+0x6d7a39]
V  [jvm.dll+0x8b4b26]
V  [jvm.dll+0x8b70de]
V  [jvm.dll+0x8b77c3]
V  [jvm.dll+0x284346]
V  [jvm.dll+0xc1277]
V  [jvm.dll+0x6d82e9]
V  [jvm.dll+0x1334a6]
V  [jvm.dll+0x3f857e]
V  [jvm.dll+0x85f59d]
V  [jvm.dll+0x6d626d]
C  [ucrtbase.dll+0x2cd30]
C  [KERNEL32.DLL+0x2e957]
C  [ntdll.dll+0x87c1c]


---------------  P R O C E S S  ---------------

Threads class SMR info:
_java_thread_list=0x0000024be16995f0, length=38, elements={
0x0000024bffae41f0, 0x0000024b981d81b0, 0x0000024bffb9d900, 0x0000024bffb9e860,
0x0000024b981dcd60, 0x0000024b981e17e0, 0x0000024b981e4650, 0x0000024b981e5490,
0x0000024bdf04dd30, 0x0000024bdf1ba3a0, 0x0000024bdf338030, 0x0000024bdf3f61a0,
0x0000024bdf3a4410, 0x0000024bdf0844d0, 0x0000024bdf084f10, 0x0000024bdf869c30,
0x0000024be00e24d0, 0x0000024bdfa15020, 0x0000024bdffe18f0, 0x0000024bdffe1f80,
0x0000024bdffe1260, 0x0000024bdf5ce8b0, 0x0000024bdf5ce220, 0x0000024bdf5cf5d0,
0x0000024bdf5cfc60, 0x0000024bdf5d02f0, 0x0000024bdf5d1010, 0x0000024bdf5cef40,
0x0000024bdf5d0980, 0x0000024bdf5cdb90, 0x0000024bdf5d1d30, 0x0000024bdf5d23c0,
0x0000024be39b4d70, 0x0000024be39b46e0, 0x0000024be39b5a90, 0x0000024be39b6120,
0x0000024be39b1f80, 0x0000024be39b7b60
}

Java Threads: ( => current thread )
  0x0000024bffae41f0 JavaThread "main"                              [_thread_blocked, id=7336, stack(0x000000d953d00000,0x000000d953e00000) (1024K)]
  0x0000024b981d81b0 JavaThread "Reference Handler"          daemon [_thread_blocked, id=16676, stack(0x000000d954100000,0x000000d954200000) (1024K)]
  0x0000024bffb9d900 JavaThread "Finalizer"                  daemon [_thread_blocked, id=20032, stack(0x000000d954200000,0x000000d954300000) (1024K)]
  0x0000024bffb9e860 JavaThread "Signal Dispatcher"          daemon [_thread_blocked, id=332, stack(0x000000d954300000,0x000000d954400000) (1024K)]
=>0x0000024b981dcd60 JavaThread "Attach Listener"            daemon [_thread_in_vm, id=22492, stack(0x000000d954400000,0x000000d954500000) (1024K)]
  0x0000024b981e17e0 JavaThread "Service Thread"             daemon [_thread_blocked, id=15060, stack(0x000000d954500000,0x000000d954600000) (1024K)]
  0x0000024b981e4650 JavaThread "Monitor Deflation Thread"   daemon [_thread_blocked, id=16660, stack(0x000000d954600000,0x000000d954700000) (1024K)]
  0x0000024b981e5490 JavaThread "C2 CompilerThread0"         daemon [_thread_blocked, id=18000, stack(0x000000d954700000,0x000000d954800000) (1024K)]
  0x0000024bdf04dd30 JavaThread "C1 CompilerThread0"         daemon [_thread_blocked, id=2900, stack(0x000000d954800000,0x000000d954900000) (1024K)]
  0x0000024bdf1ba3a0 JavaThread "Common-Cleaner"             daemon [_thread_blocked, id=17640, stack(0x000000d954900000,0x000000d954a00000) (1024K)]
  0x0000024bdf338030 JavaThread "Notification Thread"        daemon [_thread_blocked, id=7344, stack(0x000000d954a00000,0x000000d954b00000) (1024K)]
  0x0000024bdf3f61a0 JavaThread "Active Thread: Equinox Container: 4188998b-b05a-493a-b5f3-76df9dadb477"        [_thread_blocked, id=25396, stack(0x000000d955100000,0x000000d955200000) (1024K)]
  0x0000024bdf3a4410 JavaThread "Refresh Thread: Equinox Container: 4188998b-b05a-493a-b5f3-76df9dadb477" daemon [_thread_blocked, id=25172, stack(0x000000d955300000,0x000000d955400000) (1024K)]
  0x0000024bdf0844d0 JavaThread "Framework Event Dispatcher: Equinox Container: 4188998b-b05a-493a-b5f3-76df9dadb477" daemon [_thread_blocked, id=22192, stack(0x000000d955400000,0x000000d955500000) (1024K)]
  0x0000024bdf084f10 JavaThread "Start Level: Equinox Container: 4188998b-b05a-493a-b5f3-76df9dadb477" daemon [_thread_blocked, id=14696, stack(0x000000d955500000,0x000000d955600000) (1024K)]
  0x0000024bdf869c30 JavaThread "Bundle File Closer"         daemon [_thread_blocked, id=25656, stack(0x000000d955600000,0x000000d955700000) (1024K)]
  0x0000024be00e24d0 JavaThread "SCR Component Actor"        daemon [_thread_blocked, id=27188, stack(0x000000d955700000,0x000000d955800000) (1024K)]
  0x0000024bdfa15020 JavaThread "Worker-JM"                         [_thread_blocked, id=27208, stack(0x000000d955800000,0x000000d955900000) (1024K)]
  0x0000024bdffe18f0 JavaThread "JNA Cleaner"                daemon [_thread_blocked, id=27552, stack(0x000000d955900000,0x000000d955a00000) (1024K)]
  0x0000024bdffe1f80 JavaThread "Java indexing"              daemon [_thread_blocked, id=27228, stack(0x000000d955e00000,0x000000d955f00000) (1024K)]
  0x0000024bdffe1260 JavaThread "Thread-1"                   daemon [_thread_in_native, id=1528, stack(0x000000d956200000,0x000000d956300000) (1024K)]
  0x0000024bdf5ce8b0 JavaThread "Thread-2"                   daemon [_thread_in_native, id=27212, stack(0x000000d956300000,0x000000d956400000) (1024K)]
  0x0000024bdf5ce220 JavaThread "Thread-3"                   daemon [_thread_in_native, id=25620, stack(0x000000d956400000,0x000000d956500000) (1024K)]
  0x0000024bdf5cf5d0 JavaThread "Thread-4"                   daemon [_thread_in_native, id=27092, stack(0x000000d956500000,0x000000d956600000) (1024K)]
  0x0000024bdf5cfc60 JavaThread "Thread-5"                   daemon [_thread_in_native, id=27556, stack(0x000000d956600000,0x000000d956700000) (1024K)]
  0x0000024bdf5d02f0 JavaThread "Thread-6"                   daemon [_thread_in_native, id=27076, stack(0x000000d956700000,0x000000d956800000) (1024K)]
  0x0000024bdf5d1010 JavaThread "Thread-7"                   daemon [_thread_in_native, id=3608, stack(0x000000d956800000,0x000000d956900000) (1024K)]
  0x0000024bdf5cef40 JavaThread "Thread-8"                   daemon [_thread_in_native, id=14464, stack(0x000000d956900000,0x000000d956a00000) (1024K)]
  0x0000024bdf5d0980 JavaThread "Thread-9"                   daemon [_thread_in_native, id=25684, stack(0x000000d956a00000,0x000000d956b00000) (1024K)]
  0x0000024bdf5cdb90 JavaThread "pool-2-thread-1"                   [_thread_blocked, id=15324, stack(0x000000d956b00000,0x000000d956c00000) (1024K)]
  0x0000024bdf5d1d30 JavaThread "WorkspaceEventsHandler"            [_thread_blocked, id=17484, stack(0x000000d956c00000,0x000000d956d00000) (1024K)]
  0x0000024bdf5d23c0 JavaThread "pool-1-thread-1"                   [_thread_blocked, id=12616, stack(0x000000d956d00000,0x000000d956e00000) (1024K)]
  0x0000024be39b4d70 JavaThread "Cleaner-0"                  daemon [_thread_blocked, id=25584, stack(0x000000d958600000,0x000000d958700000) (1024K)]
  0x0000024be39b46e0 JavaThread "Worker-19"                         [_thread_blocked, id=204, stack(0x000000d955b00000,0x000000d955c00000) (1024K)]
  0x0000024be39b5a90 JavaThread "Worker-20"                         [_thread_blocked, id=26616, stack(0x000000d953b00000,0x000000d953c00000) (1024K)]
  0x0000024be39b6120 JavaThread "Worker-22"                         [_thread_blocked, id=14988, stack(0x000000d955d00000,0x000000d955e00000) (1024K)]
  0x0000024be39b1f80 JavaThread "Worker-23"                         [_thread_blocked, id=14480, stack(0x000000d955a00000,0x000000d955b00000) (1024K)]
  0x0000024be39b7b60 JavaThread "Worker-24"                         [_thread_blocked, id=27908, stack(0x000000d956000000,0x000000d956100000) (1024K)]
Total: 38

Other Threads:
  0x0000024b981d3600 VMThread "VM Thread"                           [id=18880, stack(0x000000d954000000,0x000000d954100000) (1024K)]
  0x0000024bffb525f0 WatcherThread "VM Periodic Task Thread"        [id=10256, stack(0x000000d953f00000,0x000000d954000000) (1024K)]
  0x0000024bffb01770 WorkerThread "GC Thread#0"                     [id=17172, stack(0x000000d953e00000,0x000000d953f00000) (1024K)]
  0x0000024bdf6dd570 WorkerThread "GC Thread#1"                     [id=25060, stack(0x000000d954b00000,0x000000d954c00000) (1024K)]
  0x0000024bdf870b80 WorkerThread "GC Thread#2"                     [id=25064, stack(0x000000d954c00000,0x000000d954d00000) (1024K)]
  0x0000024bdf6e4540 WorkerThread "GC Thread#3"                     [id=25068, stack(0x000000d954d00000,0x000000d954e00000) (1024K)]
  0x0000024bdf6e48f0 WorkerThread "GC Thread#4"                     [id=25072, stack(0x000000d954e00000,0x000000d954f00000) (1024K)]
  0x0000024bdf54d070 WorkerThread "GC Thread#5"                     [id=25076, stack(0x000000d954f00000,0x000000d955000000) (1024K)]
  0x0000024bdf54d420 WorkerThread "GC Thread#6"                     [id=25080, stack(0x000000d955000000,0x000000d955100000) (1024K)]
  0x0000024bdf759a10 WorkerThread "GC Thread#7"                     [id=25332, stack(0x000000d955200000,0x000000d955300000) (1024K)]
Total: 10

Threads with active compile tasks:
Total: 0

VM state: not at safepoint (normal execution)

VM Mutex/Monitor currently owned by a thread: None

Heap address: 0x0000000080000000, size: 2048 MB, Compressed Oops mode: 32-bit

CDS archive(s) mapped at: [0x0000024b99000000-0x0000024b99ba0000-0x0000024b99ba0000), size 12189696, SharedBaseAddress: 0x0000024b99000000, ArchiveRelocationMode: 1.
Compressed class space mapped at: 0x0000024b9a000000-0x0000024bda000000, reserved size: 1073741824
Narrow klass base: 0x0000024b99000000, Narrow klass shift: 0, Narrow klass range: 0x100000000

GC Precious Log:
 CardTable entry size: 512
 CPUs: 8 total, 8 available
 Memory: 7926M
 Large Page Support: Disabled
 NUMA Support: Disabled
 Compressed Oops: Enabled (32-bit)
 Alignments: Space 512K, Generation 512K, Heap 2M
 Heap Min Capacity: 100M
 Heap Initial Capacity: 100M
 Heap Max Capacity: 2G
 Pre-touch: Disabled
 Parallel Workers: 8

Heap:
 PSYoungGen      total 2048K, used 296K [0x00000000d5580000, 0x00000000d5980000, 0x0000000100000000)
  eden space 1536K, 2% used [0x00000000d5580000,0x00000000d558a2a8,0x00000000d5700000)
  from space 512K, 50% used [0x00000000d5900000,0x00000000d5940000,0x00000000d5980000)
  to   space 512K, 0% used [0x00000000d5880000,0x00000000d5880000,0x00000000d5900000)
 ParOldGen       total 539136K, used 538968K [0x0000000080000000, 0x00000000a0e80000, 0x00000000d5580000)
  object space 539136K, 99% used [0x0000000080000000,0x00000000a0e56118,0x00000000a0e80000)
 Metaspace       used 79743K, committed 81472K, reserved 1179648K
  class space    used 8305K, committed 9088K, reserved 1048576K

Card table byte_map: [0x0000024b93550000,0x0000024b93960000] _byte_map_base: 0x0000024b93150000

Marking Bits: (ParMarkBitMap*) 0x00007ffe92ea3450
 Begin Bits: [0x0000024b93c10000, 0x0000024b95c10000)
 End Bits:   [0x0000024b95c10000, 0x0000024b97c10000)

Polling page: 0x0000024bff4d0000

Metaspace:

Usage:
  Non-class:     69.76 MB used.
      Class:      8.11 MB used.
       Both:     77.87 MB used.

Virtual space:
  Non-class space:      128.00 MB reserved,      70.69 MB ( 55%) committed,  2 nodes.
      Class space:        1.00 GB reserved,       8.88 MB ( <1%) committed,  1 nodes.
             Both:        1.12 GB reserved,      79.56 MB (  7%) committed. 

Chunk freelists:
   Non-Class:  8.38 MB
       Class:  7.04 MB
        Both:  15.41 MB

MaxMetaspaceSize: unlimited
CompressedClassSpaceSize: 1.00 GB
Initial GC threshold: 21.00 MB
Current GC threshold: 97.31 MB
CDS: on
 - commit_granule_bytes: 65536.
 - commit_granule_words: 8192.
 - virtual_space_node_default_size: 8388608.
 - enlarge_chunks_in_place: 1.
 - use_allocation_guard: 0.


Internal statistics:

num_allocs_failed_limit: 9.
num_arena_births: 1434.
num_arena_deaths: 14.
num_vsnodes_births: 3.
num_vsnodes_deaths: 0.
num_space_committed: 1273.
num_space_uncommitted: 0.
num_chunks_returned_to_freelist: 23.
num_chunks_taken_from_freelist: 5132.
num_chunk_merges: 14.
num_chunk_splits: 3102.
num_chunks_enlarged: 1708.
num_inconsistent_stats: 0.

CodeHeap 'non-profiled nmethods': size=120000Kb used=12918Kb max_used=12918Kb free=107081Kb
 bounds [0x0000024b8c020000, 0x0000024b8ccc0000, 0x0000024b93550000]
CodeHeap 'profiled nmethods': size=120000Kb used=36332Kb max_used=36332Kb free=83667Kb
 bounds [0x0000024b84550000, 0x0000024b868d0000, 0x0000024b8ba80000]
CodeHeap 'non-nmethods': size=5760Kb used=1517Kb max_used=1592Kb free=4242Kb
 bounds [0x0000024b8ba80000, 0x0000024b8bcf0000, 0x0000024b8c020000]
CodeCache: size=245760Kb, used=50767Kb, max_used=50842Kb, free=194990Kb
 total_blobs=16216, nmethods=15388, adapters=732, full_count=0
Compilation: enabled, stopped_count=0, restarted_count=0

Compilation events (20 events):
Event: 1824.987 Thread 0x0000024b981e5490 16191 %     4       org.eclipse.aether.DefaultRepositorySystemSession::copySafe @ 59 (139 bytes)
Event: 1824.987 Thread 0x0000024bdf04dd30 16192       3       java.util.stream.ReferencePipeline$7$1::begin (13 bytes)
Event: 1824.992 Thread 0x0000024bdf04dd30 nmethod 16192 0x0000024b868c1f10 code [0x0000024b868c20c0, 0x0000024b868c22a0]
Event: 1825.000 Thread 0x0000024bdf04dd30 16193       3       jdk.internal.math.MathUtils::pow10 (6 bytes)
Event: 1825.000 Thread 0x0000024bdf04dd30 nmethod 16193 0x0000024b868c2390 code [0x0000024b868c2520, 0x0000024b868c2640]
Event: 1825.070 Thread 0x0000024b981e5490 nmethod 16191% 0x0000024b8ccbaa90 code [0x0000024b8ccbad40, 0x0000024b8ccbbc88]
Event: 1825.070 Thread 0x0000024b981e5490 16194       4       org.eclipse.core.runtime.SubProgressMonitor::worked (7 bytes)
Event: 1825.075 Thread 0x0000024b981e5490 nmethod 16194 0x0000024b8ccbc890 code [0x0000024b8ccbca40, 0x0000024b8ccbcb98]
Event: 1825.077 Thread 0x0000024bdf04dd30 16195       3       org.eclipse.jdt.ls.core.internal.handlers.ProgressReporterManager$ProgressReporter::sendStatus (507 bytes)
Event: 1825.078 Thread 0x0000024b981e5490 16198       4       java.lang.Long::formatUnsignedLong0 (47 bytes)
Event: 1825.083 Thread 0x0000024b981e5490 nmethod 16198 0x0000024b8ccbcd10 code [0x0000024b8ccbcea0, 0x0000024b8ccbd158]
Event: 1825.083 Thread 0x0000024b981e5490 16200       4       org.eclipse.jdt.ls.core.internal.handlers.ProgressReporterManager$ProgressReporter::sendProgress (78 bytes)
Event: 1825.094 Thread 0x0000024b981e5490 nmethod 16200 0x0000024b8ccbd310 code [0x0000024b8ccbd4c0, 0x0000024b8ccbd7a0]
Event: 1825.101 Thread 0x0000024bdf04dd30 nmethod 16195 0x0000024b868c2710 code [0x0000024b868c2f60, 0x0000024b868c81c0]
Event: 1825.101 Thread 0x0000024bdf04dd30 16199       3       org.eclipse.jdt.internal.core.DeltaProcessor::otherRootsInfo (39 bytes)
Event: 1825.105 Thread 0x0000024bdf04dd30 nmethod 16199 0x0000024b868c9d90 code [0x0000024b868c9f80, 0x0000024b868ca4a0]
Event: 1825.105 Thread 0x0000024bdf04dd30 16196       3       org.eclipse.jdt.ls.core.internal.preferences.ClientPreferences::isProgressReportSupported (22 bytes)
Event: 1825.105 Thread 0x0000024bdf04dd30 nmethod 16196 0x0000024b868ca610 code [0x0000024b868ca800, 0x0000024b868cab58]
Event: 1825.105 Thread 0x0000024bdf04dd30 16197       3       org.eclipse.jdt.ls.core.internal.preferences.ClientPreferences::isWorkDoneProgressSupported (50 bytes)
Event: 1825.108 Thread 0x0000024bdf04dd30 nmethod 16197 0x0000024b868cac90 code [0x0000024b868cae40, 0x0000024b868cb0e0]

GC Heap History (20 events):
Event: 1745.483 GC heap before
{Heap before GC invocations=436 (full 3):
 PSYoungGen      total 2048K, used 1760K [0x00000000d5580000, 0x00000000d5980000, 0x0000000100000000)
  eden space 1536K, 100% used [0x00000000d5580000,0x00000000d5700000,0x00000000d5700000)
  from space 512K, 43% used [0x00000000d5900000,0x00000000d5938000,0x00000000d5980000)
  to   space 512K, 0% used [0x00000000d5880000,0x00000000d5880000,0x00000000d5900000)
 ParOldGen       total 538624K, used 538200K [0x0000000080000000, 0x00000000a0e00000, 0x00000000d5580000)
  object space 538624K, 99% used [0x0000000080000000,0x00000000a0d960f8,0x00000000a0e00000)
 Metaspace       used 79695K, committed 81408K, reserved 1179648K
  class space    used 8305K, committed 9088K, reserved 1048576K
}
Event: 1745.485 GC heap after
{Heap after GC invocations=436 (full 3):
 PSYoungGen      total 2048K, used 256K [0x00000000d5580000, 0x00000000d5980000, 0x0000000100000000)
  eden space 1536K, 0% used [0x00000000d5580000,0x00000000d5580000,0x00000000d5700000)
  from space 512K, 50% used [0x00000000d5880000,0x00000000d58c0000,0x00000000d5900000)
  to   space 512K, 0% used [0x00000000d5900000,0x00000000d5900000,0x00000000d5980000)
 ParOldGen       total 538624K, used 538272K [0x0000000080000000, 0x00000000a0e00000, 0x00000000d5580000)
  object space 538624K, 99% used [0x0000000080000000,0x00000000a0da80f8,0x00000000a0e00000)
 Metaspace       used 79695K, committed 81408K, reserved 1179648K
  class space    used 8305K, committed 9088K, reserved 1048576K
}
Event: 1745.511 GC heap before
{Heap before GC invocations=437 (full 3):
 PSYoungGen      total 2048K, used 1792K [0x00000000d5580000, 0x00000000d5980000, 0x0000000100000000)
  eden space 1536K, 100% used [0x00000000d5580000,0x00000000d5700000,0x00000000d5700000)
  from space 512K, 50% used [0x00000000d5880000,0x00000000d58c0000,0x00000000d5900000)
  to   space 512K, 0% used [0x00000000d5900000,0x00000000d5900000,0x00000000d5980000)
 ParOldGen       total 538624K, used 538272K [0x0000000080000000, 0x00000000a0e00000, 0x00000000d5580000)
  object space 538624K, 99% used [0x0000000080000000,0x00000000a0da80f8,0x00000000a0e00000)
 Metaspace       used 79697K, committed 81408K, reserved 1179648K
  class space    used 8305K, committed 9088K, reserved 1048576K
}
Event: 1745.513 GC heap after
{Heap after GC invocations=437 (full 3):
 PSYoungGen      total 2048K, used 256K [0x00000000d5580000, 0x00000000d5980000, 0x0000000100000000)
  eden space 1536K, 0% used [0x00000000d5580000,0x00000000d5580000,0x00000000d5700000)
  from space 512K, 50% used [0x00000000d5900000,0x00000000d5940000,0x00000000d5980000)
  to   space 512K, 0% used [0x00000000d5880000,0x00000000d5880000,0x00000000d5900000)
 ParOldGen       total 538624K, used 538368K [0x0000000080000000, 0x00000000a0e00000, 0x00000000d5580000)
  object space 538624K, 99% used [0x0000000080000000,0x00000000a0dc00f8,0x00000000a0e00000)
 Metaspace       used 79697K, committed 81408K, reserved 1179648K
  class space    used 8305K, committed 9088K, reserved 1048576K
}
Event: 1765.569 GC heap before
{Heap before GC invocations=438 (full 3):
 PSYoungGen      total 2048K, used 1792K [0x00000000d5580000, 0x00000000d5980000, 0x0000000100000000)
  eden space 1536K, 100% used [0x00000000d5580000,0x00000000d5700000,0x00000000d5700000)
  from space 512K, 50% used [0x00000000d5900000,0x00000000d5940000,0x00000000d5980000)
  to   space 512K, 0% used [0x00000000d5880000,0x00000000d5880000,0x00000000d5900000)
 ParOldGen       total 538624K, used 538368K [0x0000000080000000, 0x00000000a0e00000, 0x00000000d5580000)
  object space 538624K, 99% used [0x0000000080000000,0x00000000a0dc00f8,0x00000000a0e00000)
 Metaspace       used 79700K, committed 81408K, reserved 1179648K
  class space    used 8305K, committed 9088K, reserved 1048576K
}
Event: 1765.579 GC heap after
{Heap after GC invocations=438 (full 3):
 PSYoungGen      total 2048K, used 384K [0x00000000d5580000, 0x00000000d5980000, 0x0000000100000000)
  eden space 1536K, 0% used [0x00000000d5580000,0x00000000d5580000,0x00000000d5700000)
  from space 512K, 75% used [0x00000000d5880000,0x00000000d58e0020,0x00000000d5900000)
  to   space 512K, 0% used [0x00000000d5900000,0x00000000d5900000,0x00000000d5980000)
 ParOldGen       total 538624K, used 538408K [0x0000000080000000, 0x00000000a0e00000, 0x00000000d5580000)
  object space 538624K, 99% used [0x0000000080000000,0x00000000a0dca0f8,0x00000000a0e00000)
 Metaspace       used 79700K, committed 81408K, reserved 1179648K
  class space    used 8305K, committed 9088K, reserved 1048576K
}
Event: 1765.610 GC heap before
{Heap before GC invocations=439 (full 3):
 PSYoungGen      total 2048K, used 1920K [0x00000000d5580000, 0x00000000d5980000, 0x0000000100000000)
  eden space 1536K, 100% used [0x00000000d5580000,0x00000000d5700000,0x00000000d5700000)
  from space 512K, 75% used [0x00000000d5880000,0x00000000d58e0020,0x00000000d5900000)
  to   space 512K, 0% used [0x00000000d5900000,0x00000000d5900000,0x00000000d5980000)
 ParOldGen       total 538624K, used 538408K [0x0000000080000000, 0x00000000a0e00000, 0x00000000d5580000)
  object space 538624K, 99% used [0x0000000080000000,0x00000000a0dca0f8,0x00000000a0e00000)
 Metaspace       used 79709K, committed 81408K, reserved 1179648K
  class space    used 8305K, committed 9088K, reserved 1048576K
}
Event: 1765.612 GC heap after
{Heap after GC invocations=439 (full 3):
 PSYoungGen      total 2048K, used 256K [0x00000000d5580000, 0x00000000d5980000, 0x0000000100000000)
  eden space 1536K, 0% used [0x00000000d5580000,0x00000000d5580000,0x00000000d5700000)
  from space 512K, 50% used [0x00000000d5900000,0x00000000d5940000,0x00000000d5980000)
  to   space 512K, 0% used [0x00000000d5880000,0x00000000d5880000,0x00000000d5900000)
 ParOldGen       total 538624K, used 538576K [0x0000000080000000, 0x00000000a0e00000, 0x00000000d5580000)
  object space 538624K, 99% used [0x0000000080000000,0x00000000a0df4118,0x00000000a0e00000)
 Metaspace       used 79709K, committed 81408K, reserved 1179648K
  class space    used 8305K, committed 9088K, reserved 1048576K
}
Event: 1769.485 GC heap before
{Heap before GC invocations=440 (full 3):
 PSYoungGen      total 2048K, used 1792K [0x00000000d5580000, 0x00000000d5980000, 0x0000000100000000)
  eden space 1536K, 100% used [0x00000000d5580000,0x00000000d5700000,0x00000000d5700000)
  from space 512K, 50% used [0x00000000d5900000,0x00000000d5940000,0x00000000d5980000)
  to   space 512K, 0% used [0x00000000d5880000,0x00000000d5880000,0x00000000d5900000)
 ParOldGen       total 538624K, used 538576K [0x0000000080000000, 0x00000000a0e00000, 0x00000000d5580000)
  object space 538624K, 99% used [0x0000000080000000,0x00000000a0df4118,0x00000000a0e00000)
 Metaspace       used 79717K, committed 81408K, reserved 1179648K
  class space    used 8305K, committed 9088K, reserved 1048576K
}
Event: 1769.489 GC heap after
{Heap after GC invocations=440 (full 3):
 PSYoungGen      total 2048K, used 192K [0x00000000d5580000, 0x00000000d5980000, 0x0000000100000000)
  eden space 1536K, 0% used [0x00000000d5580000,0x00000000d5580000,0x00000000d5700000)
  from space 512K, 37% used [0x00000000d5880000,0x00000000d58b0000,0x00000000d5900000)
  to   space 512K, 0% used [0x00000000d5900000,0x00000000d5900000,0x00000000d5980000)
 ParOldGen       total 539136K, used 538624K [0x0000000080000000, 0x00000000a0e80000, 0x00000000d5580000)
  object space 539136K, 99% used [0x0000000080000000,0x00000000a0e00118,0x00000000a0e80000)
 Metaspace       used 79717K, committed 81408K, reserved 1179648K
  class space    used 8305K, committed 9088K, reserved 1048576K
}
Event: 1769.620 GC heap before
{Heap before GC invocations=441 (full 3):
 PSYoungGen      total 2048K, used 1727K [0x00000000d5580000, 0x00000000d5980000, 0x0000000100000000)
  eden space 1536K, 99% used [0x00000000d5580000,0x00000000d56ffff0,0x00000000d5700000)
  from space 512K, 37% used [0x00000000d5880000,0x00000000d58b0000,0x00000000d5900000)
  to   space 512K, 0% used [0x00000000d5900000,0x00000000d5900000,0x00000000d5980000)
 ParOldGen       total 539136K, used 538624K [0x0000000080000000, 0x00000000a0e80000, 0x00000000d5580000)
  object space 539136K, 99% used [0x0000000080000000,0x00000000a0e00118,0x00000000a0e80000)
 Metaspace       used 79723K, committed 81472K, reserved 1179648K
  class space    used 8305K, committed 9088K, reserved 1048576K
}
Event: 1769.622 GC heap after
{Heap after GC invocations=441 (full 3):
 PSYoungGen      total 2048K, used 352K [0x00000000d5580000, 0x00000000d5980000, 0x0000000100000000)
  eden space 1536K, 0% used [0x00000000d5580000,0x00000000d5580000,0x00000000d5700000)
  from space 512K, 68% used [0x00000000d5900000,0x00000000d5958000,0x00000000d5980000)
  to   space 512K, 0% used [0x00000000d5880000,0x00000000d5880000,0x00000000d5900000)
 ParOldGen       total 539136K, used 538672K [0x0000000080000000, 0x00000000a0e80000, 0x00000000d5580000)
  object space 539136K, 99% used [0x0000000080000000,0x00000000a0e0c118,0x00000000a0e80000)
 Metaspace       used 79723K, committed 81472K, reserved 1179648K
  class space    used 8305K, committed 9088K, reserved 1048576K
}
Event: 1769.650 GC heap before
{Heap before GC invocations=442 (full 3):
 PSYoungGen      total 2048K, used 1888K [0x00000000d5580000, 0x00000000d5980000, 0x0000000100000000)
  eden space 1536K, 100% used [0x00000000d5580000,0x00000000d5700000,0x00000000d5700000)
  from space 512K, 68% used [0x00000000d5900000,0x00000000d5958000,0x00000000d5980000)
  to   space 512K, 0% used [0x00000000d5880000,0x00000000d5880000,0x00000000d5900000)
 ParOldGen       total 539136K, used 538672K [0x0000000080000000, 0x00000000a0e80000, 0x00000000d5580000)
  object space 539136K, 99% used [0x0000000080000000,0x00000000a0e0c118,0x00000000a0e80000)
 Metaspace       used 79727K, committed 81472K, reserved 1179648K
  class space    used 8305K, committed 9088K, reserved 1048576K
}
Event: 1769.651 GC heap after
{Heap after GC invocations=442 (full 3):
 PSYoungGen      total 2048K, used 192K [0x00000000d5580000, 0x00000000d5980000, 0x0000000100000000)
  eden space 1536K, 0% used [0x00000000d5580000,0x00000000d5580000,0x00000000d5700000)
  from space 512K, 37% used [0x00000000d5880000,0x00000000d58b0000,0x00000000d5900000)
  to   space 512K, 0% used [0x00000000d5900000,0x00000000d5900000,0x00000000d5980000)
 ParOldGen       total 539136K, used 538800K [0x0000000080000000, 0x00000000a0e80000, 0x00000000d5580000)
  object space 539136K, 99% used [0x0000000080000000,0x00000000a0e2c118,0x00000000a0e80000)
 Metaspace       used 79727K, committed 81472K, reserved 1179648K
  class space    used 8305K, committed 9088K, reserved 1048576K
}
Event: 1824.824 GC heap before
{Heap before GC invocations=443 (full 3):
 PSYoungGen      total 2048K, used 1728K [0x00000000d5580000, 0x00000000d5980000, 0x0000000100000000)
  eden space 1536K, 100% used [0x00000000d5580000,0x00000000d5700000,0x00000000d5700000)
  from space 512K, 37% used [0x00000000d5880000,0x00000000d58b0000,0x00000000d5900000)
  to   space 512K, 0% used [0x00000000d5900000,0x00000000d5900000,0x00000000d5980000)
 ParOldGen       total 539136K, used 538800K [0x0000000080000000, 0x00000000a0e80000, 0x00000000d5580000)
  object space 539136K, 99% used [0x0000000080000000,0x00000000a0e2c118,0x00000000a0e80000)
 Metaspace       used 79727K, committed 81472K, reserved 1179648K
  class space    used 8305K, committed 9088K, reserved 1048576K
}
Event: 1824.857 GC heap after
{Heap after GC invocations=443 (full 3):
 PSYoungGen      total 2048K, used 256K [0x00000000d5580000, 0x00000000d5980000, 0x0000000100000000)
  eden space 1536K, 0% used [0x00000000d5580000,0x00000000d5580000,0x00000000d5700000)
  from space 512K, 50% used [0x00000000d5900000,0x00000000d5940000,0x00000000d5980000)
  to   space 512K, 0% used [0x00000000d5880000,0x00000000d5880000,0x00000000d5900000)
 ParOldGen       total 539136K, used 538848K [0x0000000080000000, 0x00000000a0e80000, 0x00000000d5580000)
  object space 539136K, 99% used [0x0000000080000000,0x00000000a0e38118,0x00000000a0e80000)
 Metaspace       used 79727K, committed 81472K, reserved 1179648K
  class space    used 8305K, committed 9088K, reserved 1048576K
}
Event: 1824.989 GC heap before
{Heap before GC invocations=444 (full 3):
 PSYoungGen      total 2048K, used 1792K [0x00000000d5580000, 0x00000000d5980000, 0x0000000100000000)
  eden space 1536K, 100% used [0x00000000d5580000,0x00000000d5700000,0x00000000d5700000)
  from space 512K, 50% used [0x00000000d5900000,0x00000000d5940000,0x00000000d5980000)
  to   space 512K, 0% used [0x00000000d5880000,0x00000000d5880000,0x00000000d5900000)
 ParOldGen       total 539136K, used 538848K [0x0000000080000000, 0x00000000a0e80000, 0x00000000d5580000)
  object space 539136K, 99% used [0x0000000080000000,0x00000000a0e38118,0x00000000a0e80000)
 Metaspace       used 79734K, committed 81472K, reserved 1179648K
  class space    used 8305K, committed 9088K, reserved 1048576K
}
Event: 1824.992 GC heap after
{Heap after GC invocations=444 (full 3):
 PSYoungGen      total 2048K, used 288K [0x00000000d5580000, 0x00000000d5980000, 0x0000000100000000)
  eden space 1536K, 0% used [0x00000000d5580000,0x00000000d5580000,0x00000000d5700000)
  from space 512K, 56% used [0x00000000d5880000,0x00000000d58c8000,0x00000000d5900000)
  to   space 512K, 0% used [0x00000000d5900000,0x00000000d5900000,0x00000000d5980000)
 ParOldGen       total 539136K, used 538920K [0x0000000080000000, 0x00000000a0e80000, 0x00000000d5580000)
  object space 539136K, 99% used [0x0000000080000000,0x00000000a0e4a118,0x00000000a0e80000)
 Metaspace       used 79734K, committed 81472K, reserved 1179648K
  class space    used 8305K, committed 9088K, reserved 1048576K
}
Event: 1825.094 GC heap before
{Heap before GC invocations=445 (full 3):
 PSYoungGen      total 2048K, used 1823K [0x00000000d5580000, 0x00000000d5980000, 0x0000000100000000)
  eden space 1536K, 99% used [0x00000000d5580000,0x00000000d56ffff0,0x00000000d5700000)
  from space 512K, 56% used [0x00000000d5880000,0x00000000d58c8000,0x00000000d5900000)
  to   space 512K, 0% used [0x00000000d5900000,0x00000000d5900000,0x00000000d5980000)
 ParOldGen       total 539136K, used 538920K [0x0000000080000000, 0x00000000a0e80000, 0x00000000d5580000)
  object space 539136K, 99% used [0x0000000080000000,0x00000000a0e4a118,0x00000000a0e80000)
 Metaspace       used 79743K, committed 81472K, reserved 1179648K
  class space    used 8305K, committed 9088K, reserved 1048576K
}
Event: 1825.097 GC heap after
{Heap after GC invocations=445 (full 3):
 PSYoungGen      total 2048K, used 256K [0x00000000d5580000, 0x00000000d5980000, 0x0000000100000000)
  eden space 1536K, 0% used [0x00000000d5580000,0x00000000d5580000,0x00000000d5700000)
  from space 512K, 50% used [0x00000000d5900000,0x00000000d5940000,0x00000000d5980000)
  to   space 512K, 0% used [0x00000000d5880000,0x00000000d5880000,0x00000000d5900000)
 ParOldGen       total 539136K, used 538968K [0x0000000080000000, 0x00000000a0e80000, 0x00000000d5580000)
  object space 539136K, 99% used [0x0000000080000000,0x00000000a0e56118,0x00000000a0e80000)
 Metaspace       used 79743K, committed 81472K, reserved 1179648K
  class space    used 8305K, committed 9088K, reserved 1048576K
}

Dll operation events (12 events):
Event: 0.914 Loaded shared library c:\Users\marim\.vscode\extensions\redhat.java-1.54.0-win32-x64\jre\21.0.10-win32-x86_64\bin\java.dll
Event: 1.288 Loaded shared library c:\Users\marim\.vscode\extensions\redhat.java-1.54.0-win32-x64\jre\21.0.10-win32-x86_64\bin\zip.dll
Event: 1.357 Loaded shared library C:\Users\marim\.vscode\extensions\redhat.java-1.54.0-win32-x64\jre\21.0.10-win32-x86_64\bin\instrument.dll
Event: 1.366 Loaded shared library C:\Users\marim\.vscode\extensions\redhat.java-1.54.0-win32-x64\jre\21.0.10-win32-x86_64\bin\net.dll
Event: 1.370 Loaded shared library C:\Users\marim\.vscode\extensions\redhat.java-1.54.0-win32-x64\jre\21.0.10-win32-x86_64\bin\nio.dll
Event: 1.382 Loaded shared library C:\Users\marim\.vscode\extensions\redhat.java-1.54.0-win32-x64\jre\21.0.10-win32-x86_64\bin\zip.dll
Event: 1.428 Loaded shared library C:\Users\marim\.vscode\extensions\redhat.java-1.54.0-win32-x64\jre\21.0.10-win32-x86_64\bin\jimage.dll
Event: 1.762 Loaded shared library c:\Users\marim\.vscode\extensions\redhat.java-1.54.0-win32-x64\jre\21.0.10-win32-x86_64\bin\verify.dll
Event: 12.030 Loaded shared library C:\Users\marim\AppData\Roaming\Code\User\globalStorage\redhat.java\1.54.0\config_win\org.eclipse.equinox.launcher\org.eclipse.equinox.launcher.win32.win32.x86_64_1.3.0.v20260203-2149\eclipse_11919.dll
Event: 32.199 Loaded shared library C:\Users\marim\AppData\Local\Temp\jna-103666434\jna13009389225724350443.dll
Event: 42.573 Loaded shared library C:\Users\marim\.vscode\extensions\redhat.java-1.54.0-win32-x64\jre\21.0.10-win32-x86_64\bin\sunmscapi.dll
Event: 43.659 Loaded shared library C:\Users\marim\.vscode\extensions\redhat.java-1.54.0-win32-x64\jre\21.0.10-win32-x86_64\bin\extnet.dll

Deoptimization events (20 events):
Event: 1635.351 Thread 0x0000024bdf5d1d30 Uncommon trap: trap_request=0xffffffd6 fr.pc=0x0000024b8cc45204 relative=0x0000000000000444
Event: 1635.351 Thread 0x0000024bdf5d1d30 Uncommon trap: reason=array_check action=maybe_recompile pc=0x0000024b8cc45204 method=java.util.TimSort.reverseRange([Ljava/lang/Object;II)V @ 20 c2
Event: 1635.351 Thread 0x0000024bdf5d1d30 DEOPT PACKING pc=0x0000024b8cc45204 sp=0x000000d956cfde50
Event: 1635.351 Thread 0x0000024bdf5d1d30 DEOPT UNPACKING pc=0x0000024b8bad6da2 sp=0x000000d956cfdd60 mode 2
Event: 1635.353 Thread 0x0000024bdf5d1d30 Uncommon trap: trap_request=0xffffffd6 fr.pc=0x0000024b8cc45204 relative=0x0000000000000444
Event: 1635.353 Thread 0x0000024bdf5d1d30 Uncommon trap: reason=array_check action=maybe_recompile pc=0x0000024b8cc45204 method=java.util.TimSort.reverseRange([Ljava/lang/Object;II)V @ 20 c2
Event: 1635.353 Thread 0x0000024bdf5d1d30 DEOPT PACKING pc=0x0000024b8cc45204 sp=0x000000d956cfdee0
Event: 1635.353 Thread 0x0000024bdf5d1d30 DEOPT UNPACKING pc=0x0000024b8bad6da2 sp=0x000000d956cfddf0 mode 2
Event: 1635.353 Thread 0x0000024bdf5d1d30 Uncommon trap: trap_request=0xffffffd6 fr.pc=0x0000024b8cc45204 relative=0x0000000000000444
Event: 1635.353 Thread 0x0000024bdf5d1d30 Uncommon trap: reason=array_check action=maybe_recompile pc=0x0000024b8cc45204 method=java.util.TimSort.reverseRange([Ljava/lang/Object;II)V @ 20 c2
Event: 1635.353 Thread 0x0000024bdf5d1d30 DEOPT PACKING pc=0x0000024b8cc45204 sp=0x000000d956cfdd80
Event: 1635.353 Thread 0x0000024bdf5d1d30 DEOPT UNPACKING pc=0x0000024b8bad6da2 sp=0x000000d956cfdc90 mode 2
Event: 1635.354 Thread 0x0000024bdf5d1d30 Uncommon trap: trap_request=0xffffffd6 fr.pc=0x0000024b8cc45204 relative=0x0000000000000444
Event: 1635.354 Thread 0x0000024bdf5d1d30 Uncommon trap: reason=array_check action=maybe_recompile pc=0x0000024b8cc45204 method=java.util.TimSort.reverseRange([Ljava/lang/Object;II)V @ 20 c2
Event: 1635.354 Thread 0x0000024bdf5d1d30 DEOPT PACKING pc=0x0000024b8cc45204 sp=0x000000d956cfddf0
Event: 1635.354 Thread 0x0000024bdf5d1d30 DEOPT UNPACKING pc=0x0000024b8bad6da2 sp=0x000000d956cfdd00 mode 2
Event: 1719.426 Thread 0x0000024bdf5d1d30 Uncommon trap: trap_request=0xffffffcc fr.pc=0x0000024b8cc806d4 relative=0x0000000000002c74
Event: 1719.426 Thread 0x0000024bdf5d1d30 Uncommon trap: reason=intrinsic_or_type_checked_inlining action=make_not_entrant pc=0x0000024b8cc806d4 method=org.eclipse.core.internal.resources.WorkspaceRoot.getProjects(I)[Lorg/eclipse/core/resources/IProject; @ 8 c2
Event: 1719.426 Thread 0x0000024bdf5d1d30 DEOPT PACKING pc=0x0000024b8cc806d4 sp=0x000000d956cfec10
Event: 1719.426 Thread 0x0000024bdf5d1d30 DEOPT UNPACKING pc=0x0000024b8bad6da2 sp=0x000000d956cfe8a8 mode 2

Classes loaded (20 events):
Event: 270.755 Loading class jdk/internal/ref/CleanerImpl$InnocuousThreadFactory
Event: 270.756 Loading class jdk/internal/ref/CleanerImpl$InnocuousThreadFactory done
Event: 291.760 Loading class java/nio/BufferMismatch
Event: 291.760 Loading class java/nio/BufferMismatch done
Event: 529.004 Loading class java/util/stream/Nodes$CollectorTask$OfRef
Event: 529.007 Loading class java/util/stream/Nodes$CollectorTask
Event: 529.013 Loading class java/util/stream/Nodes$CollectorTask done
Event: 529.013 Loading class java/util/stream/Nodes$CollectorTask$OfRef done
Event: 529.127 Loading class java/util/function/LongFunction
Event: 529.128 Loading class java/util/function/LongFunction done
Event: 529.131 Loading class java/util/stream/Nodes$ConcNode
Event: 529.132 Loading class java/util/stream/Nodes$AbstractConcNode
Event: 529.134 Loading class java/util/stream/Nodes$AbstractConcNode done
Event: 529.134 Loading class java/util/stream/Nodes$ConcNode done
Event: 1038.393 Loading class java/util/stream/ReduceOps$5
Event: 1038.397 Loading class java/util/stream/ReduceOps$5 done
Event: 1038.398 Loading class java/util/stream/ReduceOps$CountingSink$OfRef
Event: 1038.399 Loading class java/util/stream/ReduceOps$CountingSink
Event: 1038.401 Loading class java/util/stream/ReduceOps$CountingSink done
Event: 1038.402 Loading class java/util/stream/ReduceOps$CountingSink$OfRef done

Classes unloaded (7 events):
Event: 34.018 Thread 0x0000024b981d3600 Unloading class 0x0000024b9a1a5000 'java/lang/invoke/LambdaForm$MH+0x0000024b9a1a5000'
Event: 34.018 Thread 0x0000024b981d3600 Unloading class 0x0000024b9a1a4c00 'java/lang/invoke/LambdaForm$MH+0x0000024b9a1a4c00'
Event: 34.018 Thread 0x0000024b981d3600 Unloading class 0x0000024b9a1a4800 'java/lang/invoke/LambdaForm$MH+0x0000024b9a1a4800'
Event: 34.018 Thread 0x0000024b981d3600 Unloading class 0x0000024b9a1a4400 'java/lang/invoke/LambdaForm$MH+0x0000024b9a1a4400'
Event: 34.018 Thread 0x0000024b981d3600 Unloading class 0x0000024b9a1a4000 'java/lang/invoke/LambdaForm$BMH+0x0000024b9a1a4000'
Event: 34.018 Thread 0x0000024b981d3600 Unloading class 0x0000024b9a1a3c00 'java/lang/invoke/LambdaForm$DMH+0x0000024b9a1a3c00'
Event: 34.018 Thread 0x0000024b981d3600 Unloading class 0x0000024b9a1a2800 'java/lang/invoke/LambdaForm$DMH+0x0000024b9a1a2800'

Classes redefined (0 events):
No events

Internal exceptions (20 events):
Event: 552.743 Thread 0x0000024be39b5a90 Exception <a 'sun/nio/fs/WindowsException'{0x00000000d55a2910}> (0x00000000d55a2910) 
thrown [s\src\hotspot\share\prims\jni.cpp, line 520]
Event: 590.740 Thread 0x0000024bdffdfeb0 Exception <a 'sun/nio/fs/WindowsException'{0x00000000d5747ac8}> (0x00000000d5747ac8) 
thrown [s\src\hotspot\share\prims\jni.cpp, line 520]
Event: 854.071 Thread 0x0000024be39b46e0 Exception <a 'sun/nio/fs/WindowsException'{0x00000000d55be600}> (0x00000000d55be600) 
thrown [s\src\hotspot\share\prims\jni.cpp, line 520]
Event: 854.079 Thread 0x0000024be39b46e0 Exception <a 'sun/nio/fs/WindowsException'{0x00000000d55bf0c0}> (0x00000000d55bf0c0) 
thrown [s\src\hotspot\share\prims\jni.cpp, line 520]
Event: 1038.480 Thread 0x0000024bdffe1f80 Exception <a 'sun/nio/fs/WindowsException'{0x00000000d56fbc78}> (0x00000000d56fbc78) 
thrown [s\src\hotspot\share\prims\jni.cpp, line 520]
Event: 1040.332 Thread 0x0000024bdf5d23c0 Exception <a 'java/lang/NoSuchMethodError'{0x00000000d55803f8}: 'java.lang.Object java.lang.invoke.DirectMethodHandle$Holder.invokeStatic(java.lang.Object, int, int, java.lang.Object)'> (0x00000000d55803f8) 
thrown [s\src\hotspot\share\interpreter\linkResolver.cpp, line 773]
Event: 1040.752 Thread 0x0000024bdffe1f80 Exception <a 'sun/nio/fs/WindowsException'{0x00000000d55c5668}> (0x00000000d55c5668) 
thrown [s\src\hotspot\share\prims\jni.cpp, line 520]
Event: 1042.845 Thread 0x0000024bdf5d23c0 Exception <a 'java/lang/IncompatibleClassChangeError'{0x00000000d560f280}: Found class java.lang.Object, but interface was expected> (0x00000000d560f280) 
thrown [s\src\hotspot\share\interpreter\linkResolver.cpp, line 840]
Event: 1043.481 Thread 0x0000024bdffe1f80 Exception <a 'sun/nio/fs/WindowsException'{0x00000000d55fa4a0}> (0x00000000d55fa4a0) 
thrown [s\src\hotspot\share\prims\jni.cpp, line 520]
Event: 1044.159 Thread 0x0000024be39b74d0 Implicit null exception at 0x0000024b8c902958 to 0x0000024b8c903678
Event: 1044.611 Thread 0x0000024bdffe1f80 Exception <a 'sun/nio/fs/WindowsException'{0x00000000d5830d60}> (0x00000000d5830d60) 
thrown [s\src\hotspot\share\prims\jni.cpp, line 520]
Event: 1045.221 Thread 0x0000024bdf5d23c0 Exception <a 'java/lang/IncompatibleClassChangeError'{0x00000000d55db440}: Found class java.lang.Object, but interface was expected> (0x00000000d55db440) 
thrown [s\src\hotspot\share\interpreter\linkResolver.cpp, line 840]
Event: 1045.983 Thread 0x0000024bdffe1f80 Exception <a 'sun/nio/fs/WindowsException'{0x00000000d55c2598}> (0x00000000d55c2598) 
thrown [s\src\hotspot\share\prims\jni.cpp, line 520]
Event: 1048.193 Thread 0x0000024bdffe1f80 Exception <a 'sun/nio/fs/WindowsException'{0x00000000d55cf2e8}> (0x00000000d55cf2e8) 
thrown [s\src\hotspot\share\prims\jni.cpp, line 520]
Event: 1049.512 Thread 0x0000024bdffe1f80 Exception <a 'sun/nio/fs/WindowsException'{0x00000000d55e00f8}> (0x00000000d55e00f8) 
thrown [s\src\hotspot\share\prims\jni.cpp, line 520]
Event: 1050.959 Thread 0x0000024bdffe1f80 Exception <a 'sun/nio/fs/WindowsException'{0x00000000d5586470}> (0x00000000d5586470) 
thrown [s\src\hotspot\share\prims\jni.cpp, line 520]
Event: 1338.560 Thread 0x0000024bdf5d2a50 Exception <a 'sun/nio/fs/WindowsException'{0x00000000d55ef938}> (0x00000000d55ef938) 
thrown [s\src\hotspot\share\prims\jni.cpp, line 520]
Event: 1338.561 Thread 0x0000024bdf5d2a50 Exception <a 'sun/nio/fs/WindowsException'{0x00000000d55f0640}> (0x00000000d55f0640) 
thrown [s\src\hotspot\share\prims\jni.cpp, line 520]
Event: 1665.803 Thread 0x0000024be39b7b60 Exception <a 'sun/nio/fs/WindowsException'{0x00000000d569b280}> (0x00000000d569b280) 
thrown [s\src\hotspot\share\prims\jni.cpp, line 520]
Event: 1665.804 Thread 0x0000024be39b7b60 Exception <a 'sun/nio/fs/WindowsException'{0x00000000d569bf80}> (0x00000000d569bf80) 
thrown [s\src\hotspot\share\prims\jni.cpp, line 520]

ZGC Phase Switch (0 events):
No events

VM Operations (20 events):
Event: 1765.610 Executing safepoint VM operation: ParallelGCFailedAllocation (Allocation Failure)
Event: 1765.612 Executing safepoint VM operation: ParallelGCFailedAllocation (Allocation Failure) done
Event: 1769.485 Executing safepoint VM operation: ParallelGCFailedAllocation (Allocation Failure)
Event: 1769.489 Executing safepoint VM operation: ParallelGCFailedAllocation (Allocation Failure) done
Event: 1769.620 Executing safepoint VM operation: ParallelGCFailedAllocation (Allocation Failure)
Event: 1769.622 Executing safepoint VM operation: ParallelGCFailedAllocation (Allocation Failure) done
Event: 1769.650 Executing safepoint VM operation: ParallelGCFailedAllocation (Allocation Failure)
Event: 1769.651 Executing safepoint VM operation: ParallelGCFailedAllocation (Allocation Failure) done
Event: 1770.656 Executing safepoint VM operation: Cleanup
Event: 1770.656 Executing safepoint VM operation: Cleanup done
Event: 1804.744 Executing non-safepoint VM operation: HandshakeAllThreads (HandshakeForDeflation)
Event: 1804.744 Executing non-safepoint VM operation: HandshakeAllThreads (HandshakeForDeflation) done
Event: 1804.744 Executing non-safepoint VM operation: RendezvousGCThreads
Event: 1804.744 Executing non-safepoint VM operation: RendezvousGCThreads done
Event: 1824.824 Executing safepoint VM operation: ParallelGCFailedAllocation (Allocation Failure)
Event: 1824.857 Executing safepoint VM operation: ParallelGCFailedAllocation (Allocation Failure) done
Event: 1824.989 Executing safepoint VM operation: ParallelGCFailedAllocation (Allocation Failure)
Event: 1824.992 Executing safepoint VM operation: ParallelGCFailedAllocation (Allocation Failure) done
Event: 1825.094 Executing safepoint VM operation: ParallelGCFailedAllocation (Allocation Failure)
Event: 1825.097 Executing safepoint VM operation: ParallelGCFailedAllocation (Allocation Failure) done

Memory protections (0 events):
No events

Nmethod flushes (20 events):
Event: 58.098 Thread 0x0000024b981d3600 flushing  nmethod 0x0000024b84eff010
Event: 58.098 Thread 0x0000024b981d3600 flushing  nmethod 0x0000024b84eff990
Event: 58.098 Thread 0x0000024b981d3600 flushing  nmethod 0x0000024b84effd10
Event: 58.098 Thread 0x0000024b981d3600 flushing  nmethod 0x0000024b84f00910
Event: 58.098 Thread 0x0000024b981d3600 flushing  nmethod 0x0000024b84f06310
Event: 58.098 Thread 0x0000024b981d3600 flushing  nmethod 0x0000024b84f16990
Event: 58.098 Thread 0x0000024b981d3600 flushing  nmethod 0x0000024b84f19590
Event: 58.098 Thread 0x0000024b981d3600 flushing  nmethod 0x0000024b84f1be10
Event: 58.098 Thread 0x0000024b981d3600 flushing  nmethod 0x0000024b84f1d810
Event: 58.098 Thread 0x0000024b981d3600 flushing  nmethod 0x0000024b84f44f90
Event: 58.098 Thread 0x0000024b981d3600 flushing  nmethod 0x0000024b84f4b290
Event: 58.098 Thread 0x0000024b981d3600 flushing  nmethod 0x0000024b84f4c690
Event: 58.098 Thread 0x0000024b981d3600 flushing  nmethod 0x0000024b84f4cc90
Event: 58.098 Thread 0x0000024b981d3600 flushing  nmethod 0x0000024b84f4d510
Event: 58.098 Thread 0x0000024b981d3600 flushing  nmethod 0x0000024b84f4e090
Event: 58.098 Thread 0x0000024b981d3600 flushing  nmethod 0x0000024b84f4fb10
Event: 58.098 Thread 0x0000024b981d3600 flushing  nmethod 0x0000024b84f55a90
Event: 58.098 Thread 0x0000024b981d3600 flushing  nmethod 0x0000024b84f92d10
Event: 58.098 Thread 0x0000024b981d3600 flushing  nmethod 0x0000024b84f96510
Event: 58.098 Thread 0x0000024b981d3600 flushing  nmethod 0x0000024b84faf090

Events (20 events):
Event: 1425.992 Thread 0x0000024be39b7b60 Thread exited: 0x0000024be39b7b60
Event: 1432.304 Thread 0x0000024be39b6120 Thread exited: 0x0000024be39b6120
Event: 1485.994 Thread 0x0000024bdf5d4b20 Thread exited: 0x0000024bdf5d4b20
Event: 1485.994 Thread 0x0000024bdf5d2a50 Thread exited: 0x0000024bdf5d2a50
Event: 1488.498 Thread 0x0000024be39b46e0 Thread added: 0x0000024be39b5a90
Event: 1488.499 Thread 0x0000024be39b5a90 Thread added: 0x0000024be39b6e40
Event: 1488.877 Thread 0x0000024be39b5a90 Thread added: 0x0000024be39b6120
Event: 1492.315 Thread 0x0000024be39b1f80 Thread exited: 0x0000024be39b1f80
Event: 1492.670 Thread 0x0000024be39b6120 Thread added: 0x0000024be39b1f80
Event: 1548.748 Thread 0x0000024be39b5400 Thread added: 0x0000024be39b7b60
Event: 1552.317 Thread 0x0000024be39b74d0 Thread exited: 0x0000024be39b74d0
Event: 1612.321 Thread 0x0000024be39b67b0 Thread exited: 0x0000024be39b67b0
Event: 1665.730 Thread 0x0000024be39b6e40 Thread exited: 0x0000024be39b6e40
Event: 1665.791 Thread 0x0000024be39b7b60 Thread added: 0x0000024be39b67b0
Event: 1665.795 Thread 0x0000024be39b67b0 Thread exited: 0x0000024be39b67b0
Event: 1665.808 Thread 0x0000024be39b7b60 Thread added: 0x0000024be39b67b0
Event: 1665.808 Thread 0x0000024be39b67b0 Thread exited: 0x0000024be39b67b0
Event: 1672.323 Thread 0x0000024be39b4050 Thread exited: 0x0000024be39b4050
Event: 1732.326 Thread 0x0000024be39b81f0 Thread exited: 0x0000024be39b81f0
Event: 1824.656 Thread 0x0000024be39b5400 Thread exited: 0x0000024be39b5400


Dynamic libraries:
0x00007ff748350000 - 0x00007ff74835e000 	c:\Users\marim\.vscode\extensions\redhat.java-1.54.0-win32-x64\jre\21.0.10-win32-x86_64\bin\java.exe
0x00007fff861c0000 - 0x00007fff86426000 	C:\WINDOWS\SYSTEM32\ntdll.dll
0x00007fff458d0000 - 0x00007fff458f1000 	C:\Program Files\Avast Software\Avast\aswhook.dll
0x00007fff850d0000 - 0x00007fff85199000 	C:\WINDOWS\System32\KERNEL32.DLL
0x00007fff83790000 - 0x00007fff83b8a000 	C:\WINDOWS\System32\KERNELBASE.dll
0x00007fff83450000 - 0x00007fff8359c000 	C:\WINDOWS\System32\ucrtbase.dll
0x00007fff2c0a0000 - 0x00007fff2c0b8000 	c:\Users\marim\.vscode\extensions\redhat.java-1.54.0-win32-x64\jre\21.0.10-win32-x86_64\bin\jli.dll
0x00007fff85620000 - 0x00007fff857e7000 	C:\WINDOWS\System32\USER32.dll
0x00007fff835a0000 - 0x00007fff835c7000 	C:\WINDOWS\System32\win32u.dll
0x00007fff851a0000 - 0x00007fff851cb000 	C:\WINDOWS\System32\GDI32.dll
0x00007fff835d0000 - 0x00007fff836fb000 	C:\WINDOWS\System32\gdi32full.dll
0x00007fff83d10000 - 0x00007fff83db3000 	C:\WINDOWS\System32\msvcp_win.dll
0x00007fff2bc40000 - 0x00007fff2bc5e000 	c:\Users\marim\.vscode\extensions\redhat.java-1.54.0-win32-x64\jre\21.0.10-win32-x86_64\bin\VCRUNTIME140.dll
0x00007fff82850000 - 0x00007fff82ae2000 	C:\WINDOWS\WinSxS\amd64_microsoft.windows.common-controls_6595b64144ccf1df_6.0.26100.8521_none_3e08b75ce33403b3\COMCTL32.dll
0x00007fff842c0000 - 0x00007fff84369000 	C:\WINDOWS\System32\msvcrt.dll
0x00007fff855e0000 - 0x00007fff85612000 	C:\WINDOWS\System32\IMM32.DLL
0x00007fff53d70000 - 0x00007fff53d7c000 	c:\Users\marim\.vscode\extensions\redhat.java-1.54.0-win32-x64\jre\21.0.10-win32-x86_64\bin\vcruntime140_1.dll
0x00007fff2bbb0000 - 0x00007fff2bc3d000 	c:\Users\marim\.vscode\extensions\redhat.java-1.54.0-win32-x64\jre\21.0.10-win32-x86_64\bin\msvcp140.dll
0x00007ffe921e0000 - 0x00007ffe92f81000 	c:\Users\marim\.vscode\extensions\redhat.java-1.54.0-win32-x64\jre\21.0.10-win32-x86_64\bin\server\jvm.dll
0x00007fff854d0000 - 0x00007fff85586000 	C:\WINDOWS\System32\ADVAPI32.dll
0x00007fff84700000 - 0x00007fff847aa000 	C:\WINDOWS\System32\sechost.dll
0x00007fff84f40000 - 0x00007fff85058000 	C:\WINDOWS\System32\RPCRT4.dll
0x00007fff85dc0000 - 0x00007fff85e40000 	C:\WINDOWS\System32\WS2_32.dll
0x00007fff832b0000 - 0x00007fff8330e000 	C:\WINDOWS\SYSTEM32\POWRPROF.dll
0x00007fff802d0000 - 0x00007fff80306000 	C:\WINDOWS\SYSTEM32\WINMM.dll
0x00007fff72aa0000 - 0x00007fff72aab000 	C:\WINDOWS\SYSTEM32\VERSION.dll
0x00007fff83290000 - 0x00007fff832a4000 	C:\WINDOWS\SYSTEM32\UMPDC.dll
0x00007fff818b0000 - 0x00007fff818cb000 	C:\WINDOWS\SYSTEM32\kernel.appcore.dll
0x00007fff4f920000 - 0x00007fff4f92a000 	c:\Users\marim\.vscode\extensions\redhat.java-1.54.0-win32-x64\jre\21.0.10-win32-x86_64\bin\jimage.dll
0x00007fff82c00000 - 0x00007fff82e42000 	C:\WINDOWS\SYSTEM32\DBGHELP.DLL
0x00007fff83f30000 - 0x00007fff842b3000 	C:\WINDOWS\System32\combase.dll
0x00007fff851d0000 - 0x00007fff852a9000 	C:\WINDOWS\System32\OLEAUT32.dll
0x00007fff82af0000 - 0x00007fff82b2b000 	C:\WINDOWS\SYSTEM32\dbgcore.DLL
0x00007fff83dc0000 - 0x00007fff83e68000 	C:\WINDOWS\System32\bcryptPrimitives.dll
0x00007fff2bba0000 - 0x00007fff2bbaf000 	c:\Users\marim\.vscode\extensions\redhat.java-1.54.0-win32-x64\jre\21.0.10-win32-x86_64\bin\instrument.dll
0x00007fff2bb80000 - 0x00007fff2bba0000 	c:\Users\marim\.vscode\extensions\redhat.java-1.54.0-win32-x64\jre\21.0.10-win32-x86_64\bin\java.dll
0x00007fff847b0000 - 0x00007fff84f34000 	C:\WINDOWS\System32\SHELL32.dll
0x00007fff80570000 - 0x00007fff80df0000 	C:\WINDOWS\SYSTEM32\windows.storage.dll
0x00007fff85830000 - 0x00007fff85926000 	C:\WINDOWS\System32\SHCORE.dll
0x00007fff85e50000 - 0x00007fff85eb7000 	C:\WINDOWS\System32\shlwapi.dll
0x00007fff83370000 - 0x00007fff83399000 	C:\WINDOWS\SYSTEM32\profapi.dll
0x00007fff2bb60000 - 0x00007fff2bb78000 	c:\Users\marim\.vscode\extensions\redhat.java-1.54.0-win32-x64\jre\21.0.10-win32-x86_64\bin\zip.dll
0x00007fff2bb50000 - 0x00007fff2bb60000 	C:\Users\marim\.vscode\extensions\redhat.java-1.54.0-win32-x64\jre\21.0.10-win32-x86_64\bin\net.dll
0x00007fff72630000 - 0x00007fff72759000 	C:\WINDOWS\SYSTEM32\WINHTTP.dll
0x00007fff81de0000 - 0x00007fff81e4c000 	C:\WINDOWS\system32\mswsock.dll
0x00007fff2bb30000 - 0x00007fff2bb46000 	C:\Users\marim\.vscode\extensions\redhat.java-1.54.0-win32-x64\jre\21.0.10-win32-x86_64\bin\nio.dll
0x00007fff29940000 - 0x00007fff29950000 	c:\Users\marim\.vscode\extensions\redhat.java-1.54.0-win32-x64\jre\21.0.10-win32-x86_64\bin\verify.dll
0x00007fff20d00000 - 0x00007fff20d45000 	C:\Users\marim\AppData\Roaming\Code\User\globalStorage\redhat.java\1.54.0\config_win\org.eclipse.equinox.launcher\org.eclipse.equinox.launcher.win32.win32.x86_64_1.3.0.v20260203-2149\eclipse_11919.dll
0x00007fff84370000 - 0x00007fff84508000 	C:\WINDOWS\System32\ole32.dll
0x00007fff82f70000 - 0x00007fff82f8b000 	C:\WINDOWS\SYSTEM32\CRYPTSP.dll
0x00007fff82110000 - 0x00007fff82149000 	C:\WINDOWS\system32\rsaenh.dll
0x00007fff81e50000 - 0x00007fff81e83000 	C:\WINDOWS\SYSTEM32\USERENV.dll
0x00007fff83340000 - 0x00007fff8336a000 	C:\WINDOWS\SYSTEM32\bcrypt.dll
0x00007fff82100000 - 0x00007fff8210c000 	C:\WINDOWS\SYSTEM32\CRYPTBASE.dll
0x00007fff81360000 - 0x00007fff81393000 	C:\WINDOWS\SYSTEM32\IPHLPAPI.DLL
0x00007fff846f0000 - 0x00007fff846fa000 	C:\WINDOWS\System32\NSI.dll
0x00007fff20a80000 - 0x00007fff20ac9000 	C:\Users\marim\AppData\Local\Temp\jna-103666434\jna13009389225724350443.dll
0x00007fff857f0000 - 0x00007fff857f8000 	C:\WINDOWS\System32\PSAPI.DLL
0x00007fff71fb0000 - 0x00007fff71fcd000 	C:\WINDOWS\SYSTEM32\dhcpcsvc6.DLL
0x00007fff71f80000 - 0x00007fff71fa5000 	C:\WINDOWS\SYSTEM32\dhcpcsvc.DLL
0x00007fff66970000 - 0x00007fff6697e000 	C:\Users\marim\.vscode\extensions\redhat.java-1.54.0-win32-x64\jre\21.0.10-win32-x86_64\bin\sunmscapi.dll
0x00007fff83b90000 - 0x00007fff83d08000 	C:\WINDOWS\System32\CRYPT32.dll
0x00007fff82510000 - 0x00007fff82540000 	C:\WINDOWS\SYSTEM32\ncrypt.dll
0x00007fff82400000 - 0x00007fff8243f000 	C:\WINDOWS\SYSTEM32\NTASN1.dll
0x00007fff81430000 - 0x00007fff8157a000 	C:\WINDOWS\SYSTEM32\DNSAPI.dll
0x00007fff81c00000 - 0x00007fff81c0d000 	C:\WINDOWS\SYSTEM32\DSPARSE.dll
0x00007fff713c0000 - 0x00007fff713cb000 	C:\Windows\System32\rasadhlp.dll
0x00007fff71df0000 - 0x00007fff71e76000 	C:\WINDOWS\System32\fwpuclnt.dll
0x00007fff66430000 - 0x00007fff66439000 	C:\Users\marim\.vscode\extensions\redhat.java-1.54.0-win32-x64\jre\21.0.10-win32-x86_64\bin\extnet.dll
0x00007fff82bc0000 - 0x00007fff82bf6000 	C:\WINDOWS\SYSTEM32\ntmarta.dll

JVMTI agents:
c:\Users\marim\.vscode\extensions\redhat.java-1.54.0-win32-x64\lombok\lombok-1.18.39-4050.jar path:c:\Users\marim\.vscode\extensions\redhat.java-1.54.0-win32-x64\jre\21.0.10-win32-x86_64\bin\instrument.dll, loaded, initialized, instrumentlib options:none

dbghelp: loaded successfully - version: 4.0.5 - missing functions: none
symbol engine: initialized successfully - sym options: 0x614 - pdb path: .;c:\Users\marim\.vscode\extensions\redhat.java-1.54.0-win32-x64\jre\21.0.10-win32-x86_64\bin;C:\WINDOWS\SYSTEM32;C:\Program Files\Avast Software\Avast;C:\WINDOWS\WinSxS\amd64_microsoft.windows.common-controls_6595b64144ccf1df_6.0.26100.8521_none_3e08b75ce33403b3;c:\Users\marim\.vscode\extensions\redhat.java-1.54.0-win32-x64\jre\21.0.10-win32-x86_64\bin\server;C:\Users\marim\AppData\Roaming\Code\User\globalStorage\redhat.java\1.54.0\config_win\org.eclipse.equinox.launcher\org.eclipse.equinox.launcher.win32.win32.x86_64_1.3.0.v20260203-2149;C:\Users\marim\AppData\Local\Temp\jna-103666434

VM Arguments:
jvm_args: --add-modules=ALL-SYSTEM --add-opens=java.base/java.util=ALL-UNNAMED --add-opens=java.base/java.lang=ALL-UNNAMED --add-opens=java.base/sun.nio.fs=ALL-UNNAMED -Declipse.application=org.eclipse.jdt.ls.core.id1 -Dosgi.bundles.defaultStartLevel=4 -Declipse.product=org.eclipse.jdt.ls.core.product -Djava.import.generatesMetadataFilesAtProjectRoot=false -DDetectVMInstallationsJob.disabled=true -Dfile.encoding=utf8 -XX:+UseParallelGC -XX:GCTimeRatio=4 -XX:AdaptiveSizePolicyWeight=90 -Dsun.zip.disableMemoryMapping=true -Xmx2G -Xms100m -Xlog:disable -javaagent:c:\Users\marim\.vscode\extensions\redhat.java-1.54.0-win32-x64\lombok\lombok-1.18.39-4050.jar -XX:+HeapDumpOnOutOfMemoryError -XX:HeapDumpPath=c:\Users\marim\AppData\Roaming\Code\User\workspaceStorage\d75e06b9632c01dd63dcfbb32f4a38e0\redhat.java -Daether.dependencyCollector.impl=bf 
java_command: c:\Users\marim\.vscode\extensions\redhat.java-1.54.0-win32-x64\server\plugins\org.eclipse.equinox.launcher_1.7.100.v20251111-0406.jar -configuration c:\Users\marim\AppData\Roaming\Code\User\globalStorage\redhat.java\1.54.0\config_win -data c:\Users\marim\AppData\Roaming\Code\User\workspaceStorage\d75e06b9632c01dd63dcfbb32f4a38e0\redhat.java\jdt_ws --pipe=\\.\pipe\lsp-f4769a5d3ee3ebcd5125865f0a42c88e-sock
java_class_path (initial): c:\Users\marim\.vscode\extensions\redhat.java-1.54.0-win32-x64\server\plugins\org.eclipse.equinox.launcher_1.7.100.v20251111-0406.jar
Launcher Type: SUN_STANDARD

[Global flags]
    uintx AdaptiveSizePolicyWeight                 = 90                                        {product} {command line}
     intx CICompilerCount                          = 4                                         {product} {ergonomic}
    uintx GCTimeRatio                              = 4                                         {product} {command line}
     bool HeapDumpOnOutOfMemoryError               = true                                   {manageable} {command line}
    ccstr HeapDumpPath                             = c:\Users\marim\AppData\Roaming\Code\User\workspaceStorage\d75e06b9632c01dd63dcfbb32f4a38e0\redhat.java         {manageable} {command line}
   size_t InitialHeapSize                          = 104857600                                 {product} {command line}
   size_t MaxHeapSize                              = 2147483648                                {product} {command line}
   size_t MaxNewSize                               = 715653120                                 {product} {ergonomic}
   size_t MinHeapDeltaBytes                        = 524288                                    {product} {ergonomic}
   size_t MinHeapSize                              = 104857600                                 {product} {command line}
   size_t NewSize                                  = 34603008                                  {product} {ergonomic}
    uintx NonNMethodCodeHeapSize                   = 5839372                                {pd product} {ergonomic}
    uintx NonProfiledCodeHeapSize                  = 122909434                              {pd product} {ergonomic}
   size_t OldSize                                  = 70254592                                  {product} {ergonomic}
    uintx ProfiledCodeHeapSize                     = 122909434                              {pd product} {ergonomic}
    uintx ReservedCodeCacheSize                    = 251658240                              {pd product} {ergonomic}
     bool SegmentedCodeCache                       = true                                      {product} {ergonomic}
   size_t SoftMaxHeapSize                          = 2147483648                             {manageable} {ergonomic}
     bool UseCompressedOops                        = true                           {product lp64_product} {ergonomic}
     bool UseLargePagesIndividualAllocation        = false                                  {pd product} {ergonomic}
     bool UseParallelGC                            = true                                      {product} {command line}

Logging:
Log output configuration:
 #0: stdout all=off uptime,level,tags foldmultilines=false
 #1: stderr all=off uptime,level,tags foldmultilines=false

Release file:
JAVA_VERSION="21.0.10" 
MODULES="java.base java.compiler java.datatransfer java.xml java.prefs java.desktop java.instrument java.logging java.management java.security.sasl java.naming java.rmi java.management.rmi java.net.http java.scripting java.security.jgss java.transaction.xa java.sql java.sql.rowset java.xml.crypto java.se java.smartcardio jdk.accessibility jdk.internal.jvmstat jdk.attach jdk.charsets jdk.internal.opt jdk.zipfs jdk.compiler jdk.crypto.ec jdk.crypto.cryptoki jdk.crypto.mscapi jdk.dynalink jdk.internal.ed jdk.editpad jdk.hotspot.agent jdk.httpserver jdk.internal.le jdk.internal.vm.ci jdk.internal.vm.compiler jdk.internal.vm.compiler.management jdk.jartool jdk.javadoc jdk.jcmd jdk.management jdk.management.agent jdk.jconsole jdk.jdeps jdk.jdwp.agent jdk.jdi jdk.jfr jdk.jshell jdk.jsobject jdk.jstatd jdk.localedata jdk.management.jfr jdk.naming.dns jdk.naming.rmi jdk.net jdk.nio.mapmode jdk.random jdk.sctp jdk.security.auth jdk.security.jgss jdk.unsupported jdk.unsupported.desktop jdk.xml.dom" 

Environment Variables:
JAVA_HOME=C:\Users\marim\AppData\Local\Programs\Eclipse Adoptium\jdk-17.0.8.7-hotspot\
PATH=C:\WINDOWS\system32;C:\WINDOWS;C:\WINDOWS\System32\Wbem;C:\WINDOWS\System32\WindowsPowerShell\v1.0\;C:\WINDOWS\System32\OpenSSH\;C:\Program Files\dotnet\;C:\ProgramData\chocolatey\bin;C:\Program Files\Git\cmd;C:\Program Files\Amazon\AWSCLIV2\;C:\Users\marim\Downloads\Maven\apache-maven-3.9.9\bin;C:\Users\marim\AppData\Local\nvm;C:\nvm4w\nodejs;C:\Users\marim\AppData\Local\Programs\Eclipse Adoptium\jdk-17.0.8.7-hotspot\bin;C:\Users\marim\AppData\Local\Microsoft\WindowsApps;C:\Users\marim\AppData\Local\Programs\Microsoft VS Code\bin;C:\Users\marim\AppData\Roaming\npm;C:\Users\marim\AppData\Local\Packages\PythonSoftwareFoundation.Python.3.11_qbz5n2kfra8p0\LocalCache\local-packages\Python311\Scripts;C:\Users\marim\Downloads\terraform_1.9.8_windows_amd64 (1);C:\Users\marim\Downloads\Maven\apache-maven-3.9.9\bin;C:\Users\marim\AppData\Local\spicetify;C:\Users\marim\AppData\Local\nvm;C:\nvm4w\nodejs;C:\Users\marim\AppData\Local\Programs\DockerDesktop\resources\bin
USERNAME=marim
OS=Windows_NT
PROCESSOR_IDENTIFIER=Intel64 Family 6 Model 140 Stepping 1, GenuineIntel
TMP=C:\Users\marim\AppData\Local\Temp
TEMP=C:\Users\marim\AppData\Local\Temp




Periodic native trim disabled

---------------  S Y S T E M  ---------------

OS:
 Windows 11 , 64 bit Build 26100 (10.0.26100.8521)
OS uptime: 0 days 1:34 hours
Hyper-V role detected

CPU: total 8 (initial active 8) (4 cores per cpu, 2 threads per core) family 6 model 140 stepping 1 microcode 0xbe, cx8, cmov, fxsr, ht, mmx, 3dnowpref, sse, sse2, sse3, ssse3, sse4.1, sse4.2, popcnt, lzcnt, tsc, tscinvbit, avx, avx2, aes, erms, clmul, bmi1, bmi2, adx, avx512f, avx512dq, avx512cd, avx512bw, avx512vl, sha, fma, vzeroupper, avx512_vpopcntdq, avx512_vpclmulqdq, avx512_vaes, avx512_vnni, clflush, clflushopt, clwb, avx512_vbmi2, avx512_vbmi, hv, rdtscp, rdpid, fsrm, gfni, avx512_bitalg, f16c, cet_ibt, cet_ss, avx512_ifma
Processor Information for the first 8 processors :
  Max Mhz: 2419, Current Mhz: 2419, Mhz Limit: 2419

Memory: 4k page, system-wide physical 7926M (382M free)
TotalPageFile size 22800M (AvailPageFile size 94M)
current process WorkingSet (physical memory assigned to process): 16M, peak: 422M
current process commit charge ("private bytes"): 854M, peak: 856M

vm_info: OpenJDK 64-Bit Server VM (21.0.10+7-LTS) for windows-amd64 JRE (21.0.10+7-LTS), built on 2026-01-20T00:00:00Z by "admin" with MS VC++ 17.12 (VS2022)

END.
